<?xml version="1.0" encoding="UTF-8"?>
<!-- Generated by org.testng.reporters.JUnitReportReporter -->
<testsuite name="com.facebook.presto.plugin.jdbc.TestJdbcClient" tests="5" time="0.144" ignored="0" failures="0" timestamp="14 四月 2020 08:13:13 GMT" skipped="0" hostname="huangliaodeMacBook-Air.local" errors="0">
  <testcase name="testMetadataWithSchemaPattern" time="0.017" classname="com.facebook.presto.plugin.jdbc.TestJdbcClient"/>
  <testcase name="testMetadataWithFloatAndDoubleCol" time="0.018" classname="com.facebook.presto.plugin.jdbc.TestJdbcClient"/>
  <testcase name="testCreateWithNullableColumns" time="0.019" classname="com.facebook.presto.plugin.jdbc.TestJdbcClient"/>
  <testcase name="testAlterColumns" time="0.067" classname="com.facebook.presto.plugin.jdbc.TestJdbcClient"/>
  <testcase name="testMetadata" time="0.023" classname="com.facebook.presto.plugin.jdbc.TestJdbcClient"/>
</testsuite> <!-- com.facebook.presto.plugin.jdbc.TestJdbcClient -->
